{"/home/mohammad/api-server/src/server.js": {"path":"/home/mohammad/api-server/src/server.js","statementMap":{"0":{"start":{"line":2,"column":0},"end":{"line":2,"column":27}},"1":{"start":{"line":3,"column":13},"end":{"line":3,"column":36}},"2":{"start":{"line":4,"column":16},"end":{"line":4,"column":34}},"3":{"start":{"line":5,"column":12},"end":{"line":5,"column":21}},"4":{"start":{"line":6,"column":18},"end":{"line":6,"column":49}},"5":{"start":{"line":7,"column":20},"end":{"line":7,"column":51}},"6":{"start":{"line":8,"column":21},"end":{"line":8,"column":47}},"7":{"start":{"line":9,"column":19},"end":{"line":9,"column":44}},"8":{"start":{"line":10,"column":0},"end":{"line":13,"column":3}},"9":{"start":{"line":12,"column":4},"end":{"line":12,"column":53}},"10":{"start":{"line":23,"column":0},"end":{"line":23,"column":24}},"11":{"start":{"line":24,"column":0},"end":{"line":24,"column":21}},"12":{"start":{"line":25,"column":0},"end":{"line":25,"column":19}},"13":{"start":{"line":27,"column":0},"end":{"line":27,"column":24}},"14":{"start":{"line":28,"column":0},"end":{"line":28,"column":20}},"15":{"start":{"line":31,"column":4},"end":{"line":34,"column":6}},"16":{"start":{"line":33,"column":8},"end":{"line":33,"column":46}},"17":{"start":{"line":37,"column":0},"end":{"line":40,"column":1}}},"fnMap":{"0":{"name":"(anonymous_0)","decl":{"start":{"line":10,"column":12},"end":{"line":10,"column":13}},"loc":{"start":{"line":10,"column":23},"end":{"line":13,"column":1}},"line":10},"1":{"name":"start","decl":{"start":{"line":29,"column":9},"end":{"line":29,"column":14}},"loc":{"start":{"line":29,"column":20},"end":{"line":36,"column":1}},"line":29},"2":{"name":"(anonymous_2)","decl":{"start":{"line":31,"column":20},"end":{"line":31,"column":21}},"loc":{"start":{"line":31,"column":24},"end":{"line":34,"column":5}},"line":31}},"branchMap":{"0":{"loc":{"start":{"line":3,"column":13},"end":{"line":3,"column":36}},"type":"binary-expr","locations":[{"start":{"line":3,"column":13},"end":{"line":3,"column":29}},{"start":{"line":3,"column":32},"end":{"line":3,"column":36}}],"line":3}},"s":{"0":1,"1":1,"2":1,"3":1,"4":1,"5":1,"6":1,"7":1,"8":1,"9":0,"10":1,"11":1,"12":1,"13":1,"14":1,"15":0,"16":0,"17":1},"f":{"0":0,"1":0,"2":0},"b":{"0":[1,0]},"_coverageSchema":"1a1c01bbd47fc00a2c39e90264f33305004495a9","hash":"29fb1c80d85b1a0f4b89e8c1365975b94540abf8"}
,"/home/mohammad/api-server/src/error-handlers/404.js": {"path":"/home/mohammad/api-server/src/error-handlers/404.js","statementMap":{"0":{"start":{"line":3,"column":18},"end":{"line":10,"column":1}},"1":{"start":{"line":4,"column":0},"end":{"line":8,"column":2}},"2":{"start":{"line":12,"column":0},"end":{"line":12,"column":25}}},"fnMap":{"0":{"name":"(anonymous_0)","decl":{"start":{"line":3,"column":18},"end":{"line":3,"column":19}},"loc":{"start":{"line":3,"column":29},"end":{"line":10,"column":1}},"line":3}},"branchMap":{},"s":{"0":1,"1":2,"2":1},"f":{"0":2},"b":{},"_coverageSchema":"1a1c01bbd47fc00a2c39e90264f33305004495a9","hash":"6d16a81a323798ca02850b45a4481cd626d5b0d7"}
,"/home/mohammad/api-server/src/error-handlers/500.js": {"path":"/home/mohammad/api-server/src/error-handlers/500.js","statementMap":{"0":{"start":{"line":3,"column":21},"end":{"line":9,"column":1}},"1":{"start":{"line":4,"column":0},"end":{"line":7,"column":2}},"2":{"start":{"line":10,"column":0},"end":{"line":10,"column":29}}},"fnMap":{"0":{"name":"(anonymous_0)","decl":{"start":{"line":3,"column":21},"end":{"line":3,"column":22}},"loc":{"start":{"line":3,"column":41},"end":{"line":9,"column":1}},"line":3}},"branchMap":{},"s":{"0":1,"1":0,"2":1},"f":{"0":0},"b":{},"_coverageSchema":"1a1c01bbd47fc00a2c39e90264f33305004495a9","hash":"9041515539cd2dc31df1a18c2fb1728f07cb4c0d"}
,"/home/mohammad/api-server/src/models/collection-class.js": {"path":"/home/mohammad/api-server/src/models/collection-class.js","statementMap":{"0":{"start":{"line":5,"column":8},"end":{"line":5,"column":26}},"1":{"start":{"line":9,"column":4},"end":{"line":22,"column":5}},"2":{"start":{"line":10,"column":19},"end":{"line":10,"column":23}},"3":{"start":{"line":11,"column":8},"end":{"line":17,"column":9}},"4":{"start":{"line":12,"column":13},"end":{"line":12,"column":67}},"5":{"start":{"line":13,"column":12},"end":{"line":13,"column":23}},"6":{"start":{"line":15,"column":10},"end":{"line":15,"column":43}},"7":{"start":{"line":16,"column":12},"end":{"line":16,"column":23}},"8":{"start":{"line":21,"column":8},"end":{"line":21,"column":70}},"9":{"start":{"line":27,"column":4},"end":{"line":33,"column":5}},"10":{"start":{"line":28,"column":21},"end":{"line":28,"column":49}},"11":{"start":{"line":29,"column":8},"end":{"line":29,"column":22}},"12":{"start":{"line":51,"column":8},"end":{"line":57,"column":9}},"13":{"start":{"line":53,"column":26},"end":{"line":53,"column":50}},"14":{"start":{"line":54,"column":12},"end":{"line":54,"column":27}},"15":{"start":{"line":56,"column":12},"end":{"line":56,"column":75}},"16":{"start":{"line":60,"column":2},"end":{"line":66,"column":3}},"17":{"start":{"line":61,"column":17},"end":{"line":61,"column":57}},"18":{"start":{"line":62,"column":4},"end":{"line":62,"column":19}},"19":{"start":{"line":65,"column":4},"end":{"line":65,"column":69}},"20":{"start":{"line":83,"column":0},"end":{"line":83,"column":27}}},"fnMap":{"0":{"name":"(anonymous_0)","decl":{"start":{"line":4,"column":4},"end":{"line":4,"column":5}},"loc":{"start":{"line":4,"column":22},"end":{"line":6,"column":5}},"line":4},"1":{"name":"(anonymous_1)","decl":{"start":{"line":7,"column":0},"end":{"line":7,"column":1}},"loc":{"start":{"line":7,"column":19},"end":{"line":24,"column":1}},"line":7},"2":{"name":"(anonymous_2)","decl":{"start":{"line":26,"column":0},"end":{"line":26,"column":1}},"loc":{"start":{"line":26,"column":17},"end":{"line":37,"column":1}},"line":26},"3":{"name":"(anonymous_3)","decl":{"start":{"line":50,"column":1},"end":{"line":50,"column":2}},"loc":{"start":{"line":50,"column":19},"end":{"line":58,"column":5}},"line":50},"4":{"name":"(anonymous_4)","decl":{"start":{"line":59,"column":0},"end":{"line":59,"column":1}},"loc":{"start":{"line":59,"column":21},"end":{"line":68,"column":1}},"line":59}},"branchMap":{"0":{"loc":{"start":{"line":11,"column":8},"end":{"line":17,"column":9}},"type":"if","locations":[{"start":{"line":11,"column":8},"end":{"line":17,"column":9}},{"start":{"line":14,"column":13},"end":{"line":17,"column":9}}],"line":11}},"s":{"0":2,"1":6,"2":6,"3":6,"4":4,"5":4,"6":2,"7":2,"8":0,"9":2,"10":2,"11":0,"12":0,"13":0,"14":0,"15":0,"16":2,"17":2,"18":2,"19":0,"20":1},"f":{"0":2,"1":6,"2":2,"3":0,"4":2},"b":{"0":[4,2]},"_coverageSchema":"1a1c01bbd47fc00a2c39e90264f33305004495a9","hash":"ba7ed513f99c48746a99c1d2f4d5875d2bf0b0eb"}
,"/home/mohammad/api-server/src/models/food.js": {"path":"/home/mohammad/api-server/src/models/food.js","statementMap":{"0":{"start":{"line":3,"column":13},"end":{"line":13,"column":6}},"1":{"start":{"line":4,"column":0},"end":{"line":13,"column":6}},"2":{"start":{"line":15,"column":0},"end":{"line":15,"column":22}}},"fnMap":{"0":{"name":"(anonymous_0)","decl":{"start":{"line":3,"column":13},"end":{"line":3,"column":14}},"loc":{"start":{"line":4,"column":0},"end":{"line":13,"column":6}},"line":4}},"branchMap":{},"s":{"0":1,"1":1,"2":1},"f":{"0":1},"b":{},"_coverageSchema":"1a1c01bbd47fc00a2c39e90264f33305004495a9","hash":"092686f284d981dae55a0dcfd8f73c48f82551b4"}
,"/home/mohammad/api-server/src/models/index.js": {"path":"/home/mohammad/api-server/src/models/index.js","statementMap":{"0":{"start":{"line":5,"column":0},"end":{"line":5,"column":27}},"1":{"start":{"line":8,"column":21},"end":{"line":8,"column":98}},"2":{"start":{"line":9,"column":33},"end":{"line":9,"column":53}},"3":{"start":{"line":11,"column":18},"end":{"line":11,"column":35}},"4":{"start":{"line":12,"column":20},"end":{"line":12,"column":39}},"5":{"start":{"line":13,"column":19},"end":{"line":13,"column":48}},"6":{"start":{"line":15,"column":23},"end":{"line":22,"column":8}},"7":{"start":{"line":25,"column":18},"end":{"line":25,"column":63}},"8":{"start":{"line":27,"column":19},"end":{"line":27,"column":50}},"9":{"start":{"line":28,"column":21},"end":{"line":28,"column":54}},"10":{"start":{"line":32,"column":1},"end":{"line":32,"column":44}},"11":{"start":{"line":33,"column":1},"end":{"line":33,"column":47}},"12":{"start":{"line":35,"column":1},"end":{"line":38,"column":3}},"13":{"start":{"line":40,"column":0},"end":{"line":43,"column":3}},"14":{"start":{"line":49,"column":2},"end":{"line":54,"column":3}}},"fnMap":{},"branchMap":{"0":{"loc":{"start":{"line":8,"column":21},"end":{"line":8,"column":98}},"type":"cond-expr","locations":[{"start":{"line":8,"column":55},"end":{"line":8,"column":71}},{"start":{"line":8,"column":74},"end":{"line":8,"column":98}}],"line":8},"1":{"loc":{"start":{"line":15,"column":23},"end":{"line":22,"column":8}},"type":"cond-expr","locations":[{"start":{"line":15,"column":63},"end":{"line":22,"column":3}},{"start":{"line":22,"column":6},"end":{"line":22,"column":8}}],"line":15}},"s":{"0":1,"1":1,"2":1,"3":1,"4":1,"5":1,"6":1,"7":1,"8":1,"9":1,"10":1,"11":1,"12":1,"13":1,"14":1},"f":{},"b":{"0":[1,0],"1":[0,1]},"_coverageSchema":"1a1c01bbd47fc00a2c39e90264f33305004495a9","hash":"9a91c4443512fdee67d822691bea6c6969b75971"}
,"/home/mohammad/api-server/src/models/person.js": {"path":"/home/mohammad/api-server/src/models/person.js","statementMap":{"0":{"start":{"line":5,"column":16},"end":{"line":13,"column":2}},"1":{"start":{"line":6,"column":0},"end":{"line":13,"column":2}},"2":{"start":{"line":15,"column":0},"end":{"line":15,"column":24}}},"fnMap":{"0":{"name":"(anonymous_0)","decl":{"start":{"line":5,"column":16},"end":{"line":5,"column":17}},"loc":{"start":{"line":6,"column":0},"end":{"line":13,"column":2}},"line":6}},"branchMap":{},"s":{"0":1,"1":1,"2":1},"f":{"0":1},"b":{},"_coverageSchema":"1a1c01bbd47fc00a2c39e90264f33305004495a9","hash":"38c5c6e196349fa53e8d36b54d543563d8f00ad3"}
,"/home/mohammad/api-server/src/routes/food.js": {"path":"/home/mohammad/api-server/src/routes/food.js","statementMap":{"0":{"start":{"line":3,"column":16},"end":{"line":3,"column":34}},"1":{"start":{"line":5,"column":15},"end":{"line":5,"column":41}},"2":{"start":{"line":6,"column":20},"end":{"line":6,"column":36}},"3":{"start":{"line":9,"column":0},"end":{"line":9,"column":31}},"4":{"start":{"line":10,"column":0},"end":{"line":10,"column":39}},"5":{"start":{"line":11,"column":0},"end":{"line":11,"column":35}},"6":{"start":{"line":12,"column":0},"end":{"line":12,"column":38}},"7":{"start":{"line":13,"column":0},"end":{"line":13,"column":41}},"8":{"start":{"line":17,"column":19},"end":{"line":17,"column":36}},"9":{"start":{"line":18,"column":4},"end":{"line":18,"column":35}},"10":{"start":{"line":22,"column":14},"end":{"line":22,"column":37}},"11":{"start":{"line":23,"column":20},"end":{"line":23,"column":39}},"12":{"start":{"line":24,"column":4},"end":{"line":24,"column":35}},"13":{"start":{"line":28,"column":13},"end":{"line":28,"column":21}},"14":{"start":{"line":29,"column":15},"end":{"line":29,"column":40}},"15":{"start":{"line":30,"column":0},"end":{"line":30,"column":30}},"16":{"start":{"line":34,"column":13},"end":{"line":34,"column":36}},"17":{"start":{"line":35,"column":22},"end":{"line":35,"column":30}},"18":{"start":{"line":36,"column":18},"end":{"line":36,"column":38}},"19":{"start":{"line":37,"column":1},"end":{"line":42,"column":2}},"20":{"start":{"line":38,"column":18},"end":{"line":38,"column":46}},"21":{"start":{"line":39,"column":4},"end":{"line":39,"column":33}},"22":{"start":{"line":41,"column":4},"end":{"line":41,"column":79}},"23":{"start":{"line":46,"column":13},"end":{"line":46,"column":36}},"24":{"start":{"line":47,"column":21},"end":{"line":47,"column":42}},"25":{"start":{"line":48,"column":4},"end":{"line":48,"column":36}},"26":{"start":{"line":50,"column":0},"end":{"line":50,"column":29}}},"fnMap":{"0":{"name":"getFood","decl":{"start":{"line":16,"column":15},"end":{"line":16,"column":22}},"loc":{"start":{"line":16,"column":33},"end":{"line":19,"column":1}},"line":16},"1":{"name":"getFoodById","decl":{"start":{"line":21,"column":15},"end":{"line":21,"column":26}},"loc":{"start":{"line":21,"column":36},"end":{"line":26,"column":1}},"line":21},"2":{"name":"createFood","decl":{"start":{"line":27,"column":15},"end":{"line":27,"column":25}},"loc":{"start":{"line":27,"column":34},"end":{"line":32,"column":1}},"line":27},"3":{"name":"updateFood","decl":{"start":{"line":33,"column":15},"end":{"line":33,"column":25}},"loc":{"start":{"line":33,"column":36},"end":{"line":43,"column":1}},"line":33},"4":{"name":"deleteFood","decl":{"start":{"line":45,"column":15},"end":{"line":45,"column":25}},"loc":{"start":{"line":45,"column":34},"end":{"line":49,"column":1}},"line":45}},"branchMap":{"0":{"loc":{"start":{"line":37,"column":1},"end":{"line":42,"column":2}},"type":"if","locations":[{"start":{"line":37,"column":1},"end":{"line":42,"column":2}},{"start":{"line":40,"column":6},"end":{"line":42,"column":2}}],"line":37}},"s":{"0":1,"1":1,"2":1,"3":1,"4":1,"5":1,"6":1,"7":1,"8":1,"9":1,"10":1,"11":1,"12":1,"13":1,"14":1,"15":1,"16":1,"17":1,"18":1,"19":1,"20":0,"21":0,"22":1,"23":1,"24":1,"25":1,"26":1},"f":{"0":1,"1":1,"2":1,"3":1,"4":1},"b":{"0":[0,1]},"_coverageSchema":"1a1c01bbd47fc00a2c39e90264f33305004495a9","hash":"6a329035dda680cc03479e8fb7eb7700e0b1ead1"}
,"/home/mohammad/api-server/src/routes/person.js": {"path":"/home/mohammad/api-server/src/routes/person.js","statementMap":{"0":{"start":{"line":4,"column":16},"end":{"line":4,"column":34}},"1":{"start":{"line":5,"column":17},"end":{"line":5,"column":43}},"2":{"start":{"line":7,"column":22},"end":{"line":7,"column":38}},"3":{"start":{"line":10,"column":0},"end":{"line":10,"column":39}},"4":{"start":{"line":11,"column":0},"end":{"line":11,"column":45}},"5":{"start":{"line":12,"column":0},"end":{"line":12,"column":41}},"6":{"start":{"line":13,"column":0},"end":{"line":13,"column":49}},"7":{"start":{"line":14,"column":0},"end":{"line":14,"column":46}},"8":{"start":{"line":17,"column":19},"end":{"line":17,"column":38}},"9":{"start":{"line":18,"column":4},"end":{"line":18,"column":35}},"10":{"start":{"line":23,"column":15},"end":{"line":23,"column":38}},"11":{"start":{"line":24,"column":18},"end":{"line":24,"column":39}},"12":{"start":{"line":25,"column":4},"end":{"line":25,"column":34}},"13":{"start":{"line":29,"column":16},"end":{"line":29,"column":24}},"14":{"start":{"line":30,"column":19},"end":{"line":30,"column":45}},"15":{"start":{"line":31,"column":4},"end":{"line":31,"column":34}},"16":{"start":{"line":36,"column":14},"end":{"line":36,"column":37}},"17":{"start":{"line":37,"column":23},"end":{"line":37,"column":46}},"18":{"start":{"line":38,"column":4},"end":{"line":38,"column":38}},"19":{"start":{"line":42,"column":13},"end":{"line":42,"column":36}},"20":{"start":{"line":43,"column":22},"end":{"line":43,"column":30}},"21":{"start":{"line":44,"column":18},"end":{"line":44,"column":40}},"22":{"start":{"line":45,"column":1},"end":{"line":50,"column":2}},"23":{"start":{"line":46,"column":18},"end":{"line":46,"column":48}},"24":{"start":{"line":47,"column":4},"end":{"line":47,"column":33}},"25":{"start":{"line":49,"column":4},"end":{"line":49,"column":79}},"26":{"start":{"line":53,"column":0},"end":{"line":53,"column":31}}},"fnMap":{"0":{"name":"perosnAll","decl":{"start":{"line":16,"column":15},"end":{"line":16,"column":24}},"loc":{"start":{"line":16,"column":35},"end":{"line":19,"column":1}},"line":16},"1":{"name":"getUserById","decl":{"start":{"line":22,"column":15},"end":{"line":22,"column":26}},"loc":{"start":{"line":22,"column":36},"end":{"line":27,"column":1}},"line":22},"2":{"name":"perosnAlls","decl":{"start":{"line":28,"column":15},"end":{"line":28,"column":25}},"loc":{"start":{"line":28,"column":34},"end":{"line":32,"column":1}},"line":28},"3":{"name":"deleteperson","decl":{"start":{"line":35,"column":15},"end":{"line":35,"column":27}},"loc":{"start":{"line":35,"column":36},"end":{"line":39,"column":1}},"line":35},"4":{"name":"updateperson","decl":{"start":{"line":41,"column":15},"end":{"line":41,"column":27}},"loc":{"start":{"line":41,"column":38},"end":{"line":51,"column":1}},"line":41}},"branchMap":{"0":{"loc":{"start":{"line":45,"column":1},"end":{"line":50,"column":2}},"type":"if","locations":[{"start":{"line":45,"column":1},"end":{"line":50,"column":2}},{"start":{"line":48,"column":6},"end":{"line":50,"column":2}}],"line":45}},"s":{"0":1,"1":1,"2":1,"3":1,"4":1,"5":1,"6":1,"7":1,"8":1,"9":1,"10":1,"11":1,"12":1,"13":1,"14":1,"15":1,"16":1,"17":1,"18":1,"19":1,"20":1,"21":1,"22":1,"23":0,"24":0,"25":1,"26":1},"f":{"0":1,"1":1,"2":1,"3":1,"4":1},"b":{"0":[0,1]},"_coverageSchema":"1a1c01bbd47fc00a2c39e90264f33305004495a9","hash":"d03d031e629963eacb8e4246a03dbe03e1275677"}
}
