TN:
SF:src/server.js
FN:10,(anonymous_0)
FN:16,(anonymous_1)
FN:31,start
FN:33,(anonymous_3)
FNF:4
FNH:0
FNDA:0,(anonymous_0)
FNDA:0,(anonymous_1)
FNDA:0,start
FNDA:0,(anonymous_3)
DA:2,1
DA:3,1
DA:4,1
DA:5,1
DA:6,1
DA:7,1
DA:8,1
DA:9,1
DA:10,1
DA:12,0
DA:16,1
DA:17,0
DA:25,1
DA:26,1
DA:27,1
DA:29,1
DA:30,1
DA:33,0
DA:35,0
DA:39,1
LF:20
LH:16
BRDA:3,0,0,1
BRDA:3,0,1,0
BRF:2
BRH:1
end_of_record
TN:
SF:src/error-handlers/404.js
FN:3,(anonymous_0)
FNF:1
FNH:1
FNDA:2,(anonymous_0)
DA:3,1
DA:4,2
DA:12,1
LF:3
LH:3
BRF:0
BRH:0
end_of_record
TN:
SF:src/error-handlers/500.js
FN:3,(anonymous_0)
FNF:1
FNH:0
FNDA:0,(anonymous_0)
DA:3,1
DA:4,0
DA:10,1
LF:3
LH:2
BRF:0
BRH:0
end_of_record
TN:
SF:src/models/collection-class.js
FN:5,(anonymous_0)
FN:8,(anonymous_1)
FN:37,(anonymous_2)
FN:61,(anonymous_3)
FN:70,(anonymous_4)
FNF:5
FNH:4
FNDA:2,(anonymous_0)
FNDA:6,(anonymous_1)
FNDA:2,(anonymous_2)
FNDA:0,(anonymous_3)
FNDA:2,(anonymous_4)
DA:6,2
DA:10,6
DA:11,6
DA:12,6
DA:13,4
DA:14,4
DA:16,2
DA:17,2
DA:22,0
DA:38,2
DA:39,2
DA:40,0
DA:62,0
DA:64,0
DA:65,0
DA:67,0
DA:71,2
DA:72,2
DA:73,2
DA:76,0
DA:94,1
LF:21
LH:14
BRDA:12,0,0,4
BRDA:12,0,1,2
BRF:2
BRH:2
end_of_record
TN:
SF:src/models/food.js
FN:3,(anonymous_0)
FNF:1
FNH:1
FNDA:1,(anonymous_0)
DA:3,1
DA:4,1
DA:15,1
LF:3
LH:3
BRF:0
BRH:0
end_of_record
TN:
SF:src/models/index.js
FNF:0
FNH:0
DA:5,1
DA:8,1
DA:9,1
DA:11,1
DA:12,1
DA:13,1
DA:15,1
DA:25,1
DA:27,1
DA:28,1
DA:32,1
DA:33,1
DA:35,1
DA:40,1
DA:49,1
LF:15
LH:15
BRDA:8,0,0,1
BRDA:8,0,1,0
BRDA:15,1,0,0
BRDA:15,1,1,1
BRF:4
BRH:2
end_of_record
TN:
SF:src/models/person.js
FN:5,(anonymous_0)
FNF:1
FNH:1
FNDA:1,(anonymous_0)
DA:5,1
DA:6,1
DA:15,1
LF:3
LH:3
BRF:0
BRH:0
end_of_record
TN:
SF:src/routes/food.js
FN:16,getFood
FN:21,getFoodById
FN:27,createFood
FN:33,updateFood
FN:45,deleteFood
FNF:5
FNH:5
FNDA:1,getFood
FNDA:1,getFoodById
FNDA:1,createFood
FNDA:1,updateFood
FNDA:1,deleteFood
DA:3,1
DA:5,1
DA:6,1
DA:9,1
DA:10,1
DA:11,1
DA:12,1
DA:13,1
DA:17,1
DA:18,1
DA:22,1
DA:23,1
DA:24,1
DA:28,1
DA:29,1
DA:30,1
DA:34,1
DA:35,1
DA:36,1
DA:37,1
DA:38,0
DA:39,0
DA:41,1
DA:46,1
DA:47,1
DA:48,1
DA:50,1
LF:27
LH:25
BRDA:37,0,0,0
BRDA:37,0,1,1
BRF:2
BRH:1
end_of_record
TN:
SF:src/routes/person.js
FN:16,perosnAll
FN:22,getUserById
FN:28,perosnAlls
FN:35,deleteperson
FN:41,updateperson
FNF:5
FNH:5
FNDA:1,perosnAll
FNDA:1,getUserById
FNDA:1,perosnAlls
FNDA:1,deleteperson
FNDA:1,updateperson
DA:4,1
DA:5,1
DA:7,1
DA:10,1
DA:11,1
DA:12,1
DA:13,1
DA:14,1
DA:17,1
DA:18,1
DA:23,1
DA:24,1
DA:25,1
DA:29,1
DA:30,1
DA:31,1
DA:36,1
DA:37,1
DA:38,1
DA:42,1
DA:43,1
DA:44,1
DA:45,1
DA:46,0
DA:47,0
DA:49,1
DA:53,1
LF:27
LH:25
BRDA:45,0,0,0
BRDA:45,0,1,1
BRF:2
BRH:1
end_of_record
